[     682ms] [INFO] [sentry] disabled: VITE_SENTRY_DSN is not set @ http://localhost:5173/src/instrument.ts:25
[     703ms] [INFO] %cDownload the React DevTools for a better development experience: https://react.dev/link/react-devtools font-weight:bold @ http://localhost:5173/node_modules/.vite/deps/react-dom_client.js?v=1e6a995c:20102
[   33960ms] [WARNING] Warning: Missing `Description` or `aria-describedby={undefined}` for {DialogContent}. @ http://localhost:5173/node_modules/.vite/deps/@radix-ui_react-dialog.js?v=1e6a995c:451
[   33961ms] [WARNING] Warning: Missing `Description` or `aria-describedby={undefined}` for {DialogContent}. @ http://localhost:5173/node_modules/.vite/deps/@radix-ui_react-dialog.js?v=1e6a995c:451
[   72831ms] [WARNING] Warning: Missing `Description` or `aria-describedby={undefined}` for {DialogContent}. @ http://localhost:5173/node_modules/.vite/deps/@radix-ui_react-dialog.js?v=1e6a995c:451
[   72832ms] [WARNING] Warning: Missing `Description` or `aria-describedby={undefined}` for {DialogContent}. @ http://localhost:5173/node_modules/.vite/deps/@radix-ui_react-dialog.js?v=1e6a995c:451
[   83594ms] [WARNING] Warning: Missing `Description` or `aria-describedby={undefined}` for {DialogContent}. @ http://localhost:5173/node_modules/.vite/deps/@radix-ui_react-dialog.js?v=1e6a995c:451
[   83595ms] [WARNING] Warning: Missing `Description` or `aria-describedby={undefined}` for {DialogContent}. @ http://localhost:5173/node_modules/.vite/deps/@radix-ui_react-dialog.js?v=1e6a995c:451
[  205061ms] [INFO] [sentry] disabled: VITE_SENTRY_DSN is not set @ http://localhost:5173/src/instrument.ts:25
[  205063ms] [INFO] %cDownload the React DevTools for a better development experience: https://react.dev/link/react-devtools font-weight:bold @ http://localhost:5173/node_modules/.vite/deps/react-dom_client.js?v=1e6a995c:20102
[  206437ms] [INFO] [sentry] disabled: VITE_SENTRY_DSN is not set @ http://localhost:5173/src/instrument.ts:25
[  206438ms] [INFO] %cDownload the React DevTools for a better development experience: https://react.dev/link/react-devtools font-weight:bold @ http://localhost:5173/node_modules/.vite/deps/react-dom_client.js?v=1e6a995c:20102
[  208461ms] [INFO] [sentry] disabled: VITE_SENTRY_DSN is not set @ http://localhost:5173/src/instrument.ts:25
[  208462ms] [INFO] %cDownload the React DevTools for a better development experience: https://react.dev/link/react-devtools font-weight:bold @ http://localhost:5173/node_modules/.vite/deps/react-dom_client.js?v=1e6a995c:20102
[  209943ms] [INFO] [sentry] disabled: VITE_SENTRY_DSN is not set @ http://localhost:5173/src/instrument.ts:25
[  209944ms] [INFO] %cDownload the React DevTools for a better development experience: https://react.dev/link/react-devtools font-weight:bold @ http://localhost:5173/node_modules/.vite/deps/react-dom_client.js?v=1e6a995c:20102
[  211692ms] [INFO] [sentry] disabled: VITE_SENTRY_DSN is not set @ http://localhost:5173/src/instrument.ts:25
[  211693ms] [INFO] %cDownload the React DevTools for a better development experience: https://react.dev/link/react-devtools font-weight:bold @ http://localhost:5173/node_modules/.vite/deps/react-dom_client.js?v=1e6a995c:20102
[  243036ms] [INFO] [sentry] disabled: VITE_SENTRY_DSN is not set @ http://localhost:5173/src/instrument.ts:25
[  243036ms] [INFO] %cDownload the React DevTools for a better development experience: https://react.dev/link/react-devtools font-weight:bold @ http://localhost:5173/node_modules/.vite/deps/react-dom_client.js?v=1e6a995c:20102
[ 2103878ms] [INFO] [sentry] disabled: VITE_SENTRY_DSN is not set @ http://localhost:5173/src/instrument.ts:25
[ 2103881ms] [INFO] %cDownload the React DevTools for a better development experience: https://react.dev/link/react-devtools font-weight:bold @ http://localhost:5173/node_modules/.vite/deps/react-dom_client.js?v=1e6a995c:20102
[ 2106007ms] [INFO] [sentry] disabled: VITE_SENTRY_DSN is not set @ http://localhost:5173/src/instrument.ts:25
[ 2106008ms] [INFO] %cDownload the React DevTools for a better development experience: https://react.dev/link/react-devtools font-weight:bold @ http://localhost:5173/node_modules/.vite/deps/react-dom_client.js?v=1e6a995c:20102
[ 2107863ms] [INFO] [sentry] disabled: VITE_SENTRY_DSN is not set @ http://localhost:5173/src/instrument.ts:25
[ 2107863ms] [INFO] %cDownload the React DevTools for a better development experience: https://react.dev/link/react-devtools font-weight:bold @ http://localhost:5173/node_modules/.vite/deps/react-dom_client.js?v=1e6a995c:20102
[ 2109500ms] [INFO] [sentry] disabled: VITE_SENTRY_DSN is not set @ http://localhost:5173/src/instrument.ts:25
[ 2109500ms] [INFO] %cDownload the React DevTools for a better development experience: https://react.dev/link/react-devtools font-weight:bold @ http://localhost:5173/node_modules/.vite/deps/react-dom_client.js?v=1e6a995c:20102
[ 2111595ms] [INFO] [sentry] disabled: VITE_SENTRY_DSN is not set @ http://localhost:5173/src/instrument.ts:25
[ 2111596ms] [INFO] %cDownload the React DevTools for a better development experience: https://react.dev/link/react-devtools font-weight:bold @ http://localhost:5173/node_modules/.vite/deps/react-dom_client.js?v=1e6a995c:20102
[ 2113068ms] [INFO] [sentry] disabled: VITE_SENTRY_DSN is not set @ http://localhost:5173/src/instrument.ts:25
[ 2113069ms] [INFO] %cDownload the React DevTools for a better development experience: https://react.dev/link/react-devtools font-weight:bold @ http://localhost:5173/node_modules/.vite/deps/react-dom_client.js?v=1e6a995c:20102
